{"level":"info","message":"GET / 200 1695 - 4.038 ms"}
{"level":"info","message":"GET / 200 1695 - 1.223 ms"}
{"level":"info","message":"GET /pbf_tile/ne-test/1/1/1.pbf 200 43728 - 2.686 ms"}
{"level":"info","message":"GET /VT/zxy/ne-test/1/1/1.pbf 200 28284 - 7.361 ms"}
{"level":"info","message":"GET /maps/map-pbf.html 200 873 - 1.024 ms"}
{"level":"info","message":"GET /mapbox-gl.css 404 152 - 1.122 ms"}
{"level":"info","message":"GET /mapbox-gl.js 200 745072 - 2.577 ms"}
{"level":"info","message":"GET /mapbox-gl.css 404 152 - 0.387 ms"}
{"level":"info","message":"GET /mapbox-gl.js.map 200 3071920 - 0.723 ms"}
{"level":"info","message":"GET /maps/style-pbf.json 200 1596 - 0.456 ms"}
{"level":"info","message":"GET /sprite/sprite.json 200 5718 - 0.796 ms"}
{"level":"info","message":"GET /sprite/sprite.png 200 4612 - 1.838 ms"}
{"level":"info","message":"GET /pbf_tile/ne-test/2/1/1.pbf 200 53665 - 3.168 ms"}
{"level":"info","message":"GET /pbf_tile/ne-test/2/3/2.pbf 200 16758 - 2.698 ms"}
{"level":"info","message":"GET /pbf_tile/ne-test/2/0/2.pbf 200 3947 - 2.512 ms"}
{"level":"info","message":"GET /pbf_tile/ne-test/2/2/2.pbf 200 25664 - 2.250 ms"}
{"level":"info","message":"GET /pbf_tile/ne-test/2/1/2.pbf 200 14194 - 1.617 ms"}
{"level":"info","message":"GET /pbf_tile/ne-test/2/2/1.pbf 200 98626 - 1.352 ms"}
{"level":"info","message":"GET /pbf_tile/ne-test/2/0/1.pbf 200 13778 - 1.484 ms"}
{"level":"info","message":"GET /pbf_tile/ne-test/2/3/1.pbf 200 31615 - 0.573 ms"}
{"level":"info","message":"GET /font/sans/0-255.pbf 200 76580 - 3.723 ms"}
{"level":"info","message":"GET /font/sans/512-767.pbf 200 95728 - 1.097 ms"}
{"level":"info","message":"GET /font/sans/256-511.pbf 200 127219 - 1.391 ms"}
{"level":"info","message":"GET /maps/map-mbtiles.html 200 877 - 1.269 ms"}
{"level":"info","message":"GET /mapbox-gl.css 404 152 - 0.394 ms"}
{"level":"info","message":"GET /mapbox-gl.js 200 745072 - 1.283 ms"}
{"level":"info","message":"GET /mapbox-gl.css 404 152 - 0.278 ms"}
{"level":"info","message":"GET /mapbox-gl.js.map 200 3071920 - 0.275 ms"}
{"level":"info","message":"GET /maps/style-mbtiles.json 200 1598 - 0.495 ms"}
{"level":"info","message":"GET /sprite/sprite.json 200 5718 - 0.726 ms"}
{"level":"info","message":"GET /sprite/sprite.png 200 4612 - 0.742 ms"}
{"level":"info","message":"GET /VT/zxy/ne-test/2/1/2.pbf 200 10103 - 1.940 ms"}
{"level":"info","message":"GET /VT/zxy/ne-test/2/0/2.pbf 200 2698 - 2.953 ms"}
{"level":"info","message":"GET /VT/zxy/ne-test/2/2/2.pbf 200 17415 - 3.173 ms"}
{"level":"info","message":"GET /VT/zxy/ne-test/2/3/2.pbf 200 10898 - 0.999 ms"}
{"level":"info","message":"GET /VT/zxy/ne-test/2/1/1.pbf 200 35287 - 1.330 ms"}
{"level":"info","message":"GET /VT/zxy/ne-test/2/0/1.pbf 200 9258 - 2.386 ms"}
{"level":"info","message":"GET /VT/zxy/ne-test/2/2/1.pbf 200 64804 - 2.921 ms"}
{"level":"info","message":"GET /VT/zxy/ne-test/2/3/1.pbf 200 21545 - 2.684 ms"}
{"level":"info","message":"GET /font/sans/0-255.pbf 200 76580 - 1.269 ms"}
{"level":"info","message":"GET /font/sans/256-511.pbf 200 127219 - 0.453 ms"}
{"level":"info","message":"GET /font/sans/512-767.pbf 200 95728 - 0.583 ms"}
{"level":"info","message":"GET /index.html 200 1695 - 0.398 ms"}
{"level":"info","message":"GET /pbf_tile/ne-test/1/1/1.pbf 200 43728 - 2.516 ms"}
{"level":"info","message":"GET /VT/zxy/ne-test/1/1/1.pbf 200 28284 - 2.348 ms"}
{"level":"info","message":"GET /maps/map-pbf.html 200 873 - 1.124 ms"}
{"level":"info","message":"GET /mapbox-gl.css 404 152 - 0.848 ms"}
{"level":"info","message":"GET /mapbox-gl.js 200 745072 - 2.246 ms"}
{"level":"info","message":"GET /mapbox-gl.css 404 152 - 1.604 ms"}
{"level":"info","message":"GET /mapbox-gl.js.map 200 3071920 - 1.434 ms"}
{"level":"info","message":"GET /maps/style-pbf.json 200 1596 - 0.720 ms"}
{"level":"info","message":"GET /sprite/sprite.png 200 4612 - 1.683 ms"}
{"level":"info","message":"GET /sprite/sprite.json 200 5718 - 1.885 ms"}
{"level":"info","message":"GET /pbf_tile/ne-test/2/1/1.pbf 200 53665 - 0.871 ms"}
{"level":"info","message":"GET /pbf_tile/ne-test/2/0/1.pbf 200 13778 - 0.880 ms"}
{"level":"info","message":"GET /pbf_tile/ne-test/2/2/2.pbf 200 25664 - 0.976 ms"}
{"level":"info","message":"GET /pbf_tile/ne-test/2/3/2.pbf 200 16758 - 1.675 ms"}
{"level":"info","message":"GET /pbf_tile/ne-test/2/1/2.pbf 200 14194 - 0.534 ms"}
{"level":"info","message":"GET /pbf_tile/ne-test/2/0/2.pbf 200 3947 - 0.626 ms"}
{"level":"info","message":"GET /pbf_tile/ne-test/2/3/1.pbf 200 31615 - 0.529 ms"}
{"level":"info","message":"GET /pbf_tile/ne-test/2/2/1.pbf 200 98626 - 1.147 ms"}
{"level":"info","message":"GET /font/sans/0-255.pbf 200 76580 - 0.693 ms"}
{"level":"info","message":"GET /font/sans/512-767.pbf 200 95728 - 0.568 ms"}
{"level":"info","message":"GET /font/sans/256-511.pbf 200 127219 - 0.832 ms"}
{"level":"info","message":"GET /maps/map-mbtiles.html 200 877 - 1.443 ms"}
{"level":"info","message":"GET /mapbox-gl.css 404 152 - 0.432 ms"}
{"level":"info","message":"GET /mapbox-gl.js 200 745072 - 0.976 ms"}
{"level":"info","message":"GET /mapbox-gl.css 404 152 - 0.199 ms"}
{"level":"info","message":"GET /mapbox-gl.js.map 200 3071920 - 0.346 ms"}
{"level":"info","message":"GET /maps/style-mbtiles.json 200 1598 - 0.827 ms"}
{"level":"info","message":"GET /sprite/sprite.json 200 5718 - 0.429 ms"}
{"level":"info","message":"GET /sprite/sprite.png 200 4612 - 0.552 ms"}
{"level":"info","message":"GET /VT/zxy/ne-test/2/0/2.pbf 200 2698 - 1.627 ms"}
{"level":"info","message":"GET /VT/zxy/ne-test/2/2/1.pbf 200 64804 - 1.194 ms"}
{"level":"info","message":"GET /VT/zxy/ne-test/2/3/1.pbf 200 21545 - 1.380 ms"}
{"level":"info","message":"GET /VT/zxy/ne-test/2/1/1.pbf 200 35287 - 1.267 ms"}
{"level":"info","message":"GET /VT/zxy/ne-test/2/0/1.pbf 200 9258 - 1.268 ms"}
{"level":"info","message":"GET /VT/zxy/ne-test/2/1/2.pbf 200 10103 - 1.224 ms"}
{"level":"info","message":"GET /VT/zxy/ne-test/2/2/2.pbf 200 17415 - 0.813 ms"}
{"level":"info","message":"GET /VT/zxy/ne-test/2/3/2.pbf 200 10898 - 0.544 ms"}
{"level":"info","message":"GET /font/sans/0-255.pbf 200 76580 - 0.298 ms"}
{"level":"info","message":"GET /font/sans/512-767.pbf 200 95728 - 0.491 ms"}
{"level":"info","message":"GET /font/sans/256-511.pbf 200 127219 - 0.962 ms"}
{"level":"info","message":"GET /index2.html 200 2011 - 1.115 ms"}
{"level":"info","message":"GET /index2.html 200 2017 - 0.855 ms"}
{"level":"info","message":"GET /pbf_tile/VTpractice/1/1/1.pbf 200 7051 - 1.099 ms"}
{"level":"info","message":"GET /index2.html 200 2096 - 4.681 ms"}
{"level":"info","message":"GET /maps/map2-pbf.html 200 1086 - 1.229 ms"}
{"level":"info","message":"GET /mapbox-gl.css 404 152 - 2.220 ms"}
{"level":"info","message":"GET /mapbox-gl.js 200 745072 - 3.669 ms"}
{"level":"info","message":"GET /mapbox-gl.css 404 152 - 0.359 ms"}
{"level":"info","message":"GET /maps/style2-pbf.json 200 1309 - 0.903 ms"}
{"level":"info","message":"GET /mapbox-gl.js.map 200 3071920 - 0.438 ms"}
{"level":"info","message":"GET /index2.html 200 2096 - 3.845 ms"}
{"level":"info","message":"GET /maps/map2-pbf.html 200 1086 - 1.327 ms"}
{"level":"info","message":"GET /mapbox-gl.css 404 152 - 2.087 ms"}
{"level":"info","message":"GET /mapbox-gl.js 200 745072 - 0.912 ms"}
{"level":"info","message":"GET /mapbox-gl.css 404 152 - 0.407 ms"}
{"level":"info","message":"GET /maps/style2-pbf.json 200 1309 - 0.426 ms"}
{"level":"info","message":"GET /mapbox-gl.js.map 200 3071920 - 0.450 ms"}
{"level":"info","message":"GET /index2.html 200 2096 - 3.886 ms"}
{"level":"info","message":"GET /maps/map2-pbf.html 200 1086 - 1.507 ms"}
{"level":"info","message":"GET /mapbox-gl.css 404 152 - 1.815 ms"}
{"level":"info","message":"GET /mapbox-gl.js 200 745072 - 3.227 ms"}
{"level":"info","message":"GET /mapbox-gl.css 404 152 - 0.329 ms"}
{"level":"info","message":"GET /maps/style2-pbf.json 200 1319 - 0.613 ms"}
{"level":"info","message":"GET /mapbox-gl.js.map 200 3071920 - 0.828 ms"}
{"level":"info","message":"GET /maps/map-pbf.html 200 873 - 0.998 ms"}
{"level":"info","message":"GET /mapbox-gl.css 404 152 - 0.528 ms"}
{"level":"info","message":"GET /mapbox-gl.js 200 745072 - 0.776 ms"}
{"level":"info","message":"GET /mapbox-gl.css 404 152 - 0.518 ms"}
{"level":"info","message":"GET /mapbox-gl.js.map 200 3071920 - 0.587 ms"}
{"level":"info","message":"GET /maps/style-pbf.json 200 1596 - 0.935 ms"}
{"level":"info","message":"GET /sprite/sprite.json 200 5718 - 1.061 ms"}
{"level":"info","message":"GET /sprite/sprite.png 200 4612 - 0.704 ms"}
{"level":"info","message":"GET /pbf_tile/ne-test/2/1/1.pbf 200 53665 - 0.892 ms"}
{"level":"info","message":"GET /pbf_tile/ne-test/2/0/1.pbf 200 13778 - 1.320 ms"}
{"level":"info","message":"GET /pbf_tile/ne-test/2/2/1.pbf 200 98626 - 1.083 ms"}
{"level":"info","message":"GET /pbf_tile/ne-test/2/3/1.pbf 200 31615 - 1.332 ms"}
{"level":"info","message":"GET /pbf_tile/ne-test/2/1/2.pbf 200 14194 - 1.702 ms"}
{"level":"info","message":"GET /pbf_tile/ne-test/2/3/2.pbf 200 16758 - 2.178 ms"}
{"level":"info","message":"GET /pbf_tile/ne-test/2/0/2.pbf 200 3947 - 0.945 ms"}
{"level":"info","message":"GET /pbf_tile/ne-test/2/2/2.pbf 200 25664 - 0.730 ms"}
{"level":"info","message":"GET /font/sans/0-255.pbf 200 76580 - 0.969 ms"}
{"level":"info","message":"GET /font/sans/256-511.pbf 200 127219 - 0.572 ms"}
{"level":"info","message":"GET /font/sans/512-767.pbf 200 95728 - 0.373 ms"}
{"level":"info","message":"GET /maps/map2-pbf.html 200 1086 - 0.977 ms"}
{"level":"info","message":"GET /mapbox-gl.css 404 152 - 0.628 ms"}
{"level":"info","message":"GET /mapbox-gl.js 200 745072 - 1.187 ms"}
{"level":"info","message":"GET /mapbox-gl.css 404 152 - 0.401 ms"}
{"level":"info","message":"GET /mapbox-gl.js.map 200 3071920 - 0.339 ms"}
{"level":"info","message":"GET /maps/style2-pbf.json 200 1319 - 0.491 ms"}
{"level":"info","message":"GET /index2.html 200 2096 - 5.054 ms"}
{"level":"info","message":"GET /maps/map2-pbf.html 200 1086 - 1.664 ms"}
{"level":"info","message":"GET /mapbox-gl.css 404 152 - 1.352 ms"}
{"level":"info","message":"GET /mapbox-gl.js 200 745072 - 2.585 ms"}
{"level":"info","message":"GET /mapbox-gl.css 404 152 - 0.342 ms"}
{"level":"info","message":"GET /maps/style2-pbf.json 200 1318 - 1.116 ms"}
{"level":"info","message":"GET /mapbox-gl.js.map 200 3071920 - 0.461 ms"}
{"level":"info","message":"GET /pbf_tile/VTpractice/2/0/2.pbf 200 383 - 1.796 ms"}
{"level":"info","message":"GET /pbf_tile/VTpractice/2/1/1.pbf 200 6524 - 2.720 ms"}
{"level":"info","message":"GET /pbf_tile/VTpractice/2/1/2.pbf 200 2861 - 1.774 ms"}
{"level":"info","message":"GET /pbf_tile/VTpractice/2/2/2.pbf 200 2407 - 1.866 ms"}
{"level":"info","message":"GET /pbf_tile/VTpractice/2/3/2.pbf 200 4510 - 2.763 ms"}
{"level":"info","message":"GET /pbf_tile/VTpractice/2/0/1.pbf 200 4170 - 2.374 ms"}
{"level":"info","message":"GET /pbf_tile/VTpractice/2/2/1.pbf 200 7418 - 1.676 ms"}
{"level":"info","message":"GET /pbf_tile/VTpractice/2/3/1.pbf 200 6474 - 1.922 ms"}
{"level":"info","message":"GET /index2.html 200 2180 - 1.115 ms"}
{"level":"info","message":"GET /VT/zxy/VTpractice/1/1/1.pbf 200 7051 - 5.751 ms"}
{"level":"info","message":"GET /index2.html 200 2180 - 0.704 ms"}
{"level":"info","message":"GET /VT/zxy/VTpractice/1/1/1.pbf 200 7051 - 1.299 ms"}
{"level":"info","message":"GET /index2.html 200 2272 - 3.655 ms"}
{"level":"info","message":"GET /maps/map2-mbtiles.html 200 1090 - 0.995 ms"}
{"level":"info","message":"GET /mapbox-gl.css 404 152 - 1.745 ms"}
{"level":"info","message":"GET /mapbox-gl.js 200 745072 - 3.155 ms"}
{"level":"info","message":"GET /mapbox-gl.css 404 152 - 0.422 ms"}
{"level":"info","message":"GET /maps/style2-mbtiles.json 200 1316 - 0.543 ms"}
{"level":"info","message":"GET /mapbox-gl.js.map 200 3071920 - 0.589 ms"}
{"level":"info","message":"GET /VT/zxy/VTpractice/2/2/1.pbf 200 7418 - 5.621 ms"}
{"level":"info","message":"GET /VT/zxy/VTpractice/2/0/2.pbf 200 383 - 4.006 ms"}
{"level":"info","message":"GET /VT/zxy/VTpractice/2/1/1.pbf 200 6524 - 7.080 ms"}
{"level":"info","message":"GET /VT/zxy/VTpractice/2/3/1.pbf 200 6474 - 4.744 ms"}
{"level":"info","message":"GET /VT/zxy/VTpractice/2/0/1.pbf 200 4170 - 6.700 ms"}
{"level":"info","message":"GET /VT/zxy/VTpractice/2/1/2.pbf 200 2861 - 5.106 ms"}
{"level":"info","message":"GET /VT/zxy/VTpractice/2/3/2.pbf 200 4510 - 0.947 ms"}
{"level":"info","message":"GET /VT/zxy/VTpractice/2/2/2.pbf 200 2407 - 1.796 ms"}
{"level":"info","message":"GET /VT/zxy/VTpractice/1/1/0.pbf 200 13360 - 4.303 ms"}
{"level":"info","message":"GET /VT/zxy/VTpractice/1/0/1.pbf 200 4753 - 5.747 ms"}
{"level":"info","message":"GET /VT/zxy/VTpractice/1/1/1.pbf 200 7051 - 5.436 ms"}
{"level":"info","message":"GET /VT/zxy/VTpractice/1/0/0.pbf 200 11868 - 2.750 ms"}
{"level":"info","message":"GET /VT/zxy/VTpractice/0/0/0.pbf 200 29567 - 0.855 ms"}
{"level":"info","message":"GET /VT/zxy/VTpractice/1/1/1.pbf 200 7051 - 0.954 ms"}
{"level":"info","message":"GET /VT/zxy/VTpractice/1/1/0.pbf 200 13360 - 1.573 ms"}
{"level":"info","message":"GET /VT/zxy/VTpractice/0/0/0.pbf 200 29567 - 0.519 ms"}
{"level":"info","message":"GET /VT/zxy/VTpractice/0/0/0.pbf 200 29567 - 1.468 ms"}
{"level":"info","message":"GET /VT/zxy/VTpractice/0/0/0.pbf 200 29567 - 1.497 ms"}
{"level":"info","message":"GET /VT/zxy/VTpractice/1/0/1.pbf 200 4753 - 4.212 ms"}
{"level":"info","message":"GET /VT/zxy/VTpractice/1/1/0.pbf 200 13360 - 5.050 ms"}
{"level":"info","message":"GET /VT/zxy/VTpractice/1/1/0.pbf 200 13360 - 5.381 ms"}
{"level":"info","message":"GET /VT/zxy/VTpractice/1/1/1.pbf 200 7051 - 4.612 ms"}
{"level":"info","message":"GET /VT/zxy/VTpractice/1/1/1.pbf 200 7051 - 4.722 ms"}
{"level":"info","message":"GET /VT/zxy/VTpractice/1/0/0.pbf 200 11868 - 1.699 ms"}
{"level":"info","message":"GET /index2.html 200 2272 - 1.341 ms"}
{"level":"info","message":"GET /index2.html 200 2272 - 0.640 ms"}
{"level":"info","message":"GET /maps/map-mbtiles.html 200 877 - 0.936 ms"}
{"level":"info","message":"GET /mapbox-gl.css 404 152 - 0.528 ms"}
{"level":"info","message":"GET /mapbox-gl.js 200 745072 - 1.420 ms"}
{"level":"info","message":"GET /mapbox-gl.css 404 152 - 0.199 ms"}
{"level":"info","message":"GET /maps/style-mbtiles.json 200 1598 - 0.362 ms"}
{"level":"info","message":"GET /sprite/sprite.json 200 5718 - 0.761 ms"}
{"level":"info","message":"GET /sprite/sprite.png 200 4612 - 0.321 ms"}
{"level":"info","message":"GET /mapbox-gl.js.map 200 3071920 - 0.382 ms"}
{"level":"info","message":"GET /VT/zxy/ne-test/2/0/1.pbf 200 9258 - 0.937 ms"}
{"level":"info","message":"GET /VT/zxy/ne-test/2/1/1.pbf 200 35287 - 1.141 ms"}
{"level":"info","message":"GET /VT/zxy/ne-test/2/0/2.pbf 200 2698 - 1.880 ms"}
{"level":"info","message":"GET /VT/zxy/ne-test/2/3/1.pbf 200 21545 - 1.933 ms"}
{"level":"info","message":"GET /VT/zxy/ne-test/2/1/2.pbf 200 10103 - 2.572 ms"}
{"level":"info","message":"GET /VT/zxy/ne-test/2/2/2.pbf 200 17415 - 2.005 ms"}
{"level":"info","message":"GET /VT/zxy/ne-test/2/3/2.pbf 200 10898 - 1.762 ms"}
{"level":"info","message":"GET /VT/zxy/ne-test/2/2/1.pbf 200 64804 - 1.040 ms"}
{"level":"info","message":"GET /font/sans/0-255.pbf 200 76580 - 0.641 ms"}
{"level":"info","message":"GET /font/sans/256-511.pbf 200 127219 - 0.614 ms"}
{"level":"info","message":"GET /font/sans/512-767.pbf 200 95728 - 0.623 ms"}
{"level":"info","message":"GET /maps/map-pbf.html 200 873 - 1.408 ms"}
{"level":"info","message":"GET /mapbox-gl.css 404 152 - 0.417 ms"}
{"level":"info","message":"GET /mapbox-gl.js 200 745072 - 1.608 ms"}
{"level":"info","message":"GET /mapbox-gl.css 404 152 - 0.232 ms"}
{"level":"info","message":"GET /mapbox-gl.js.map 200 3071920 - 0.332 ms"}
{"level":"info","message":"GET /maps/style-pbf.json 200 1596 - 0.579 ms"}
{"level":"info","message":"GET /sprite/sprite.json 200 5718 - 1.428 ms"}
{"level":"info","message":"GET /sprite/sprite.png 200 4612 - 1.340 ms"}
{"level":"info","message":"GET /pbf_tile/ne-test/2/1/2.pbf 200 14194 - 1.258 ms"}
{"level":"info","message":"GET /pbf_tile/ne-test/2/2/1.pbf 200 98626 - 1.177 ms"}
{"level":"info","message":"GET /pbf_tile/ne-test/2/2/2.pbf 200 25664 - 2.459 ms"}
{"level":"info","message":"GET /pbf_tile/ne-test/2/1/1.pbf 200 53665 - 1.812 ms"}
{"level":"info","message":"GET /pbf_tile/ne-test/2/0/1.pbf 200 13778 - 1.382 ms"}
{"level":"info","message":"GET /pbf_tile/ne-test/2/3/2.pbf 200 16758 - 0.604 ms"}
{"level":"info","message":"GET /pbf_tile/ne-test/2/0/2.pbf 200 3947 - 1.027 ms"}
{"level":"info","message":"GET /pbf_tile/ne-test/2/3/1.pbf 200 31615 - 1.152 ms"}
{"level":"info","message":"GET /font/sans/0-255.pbf 200 76580 - 0.468 ms"}
{"level":"info","message":"GET /font/sans/256-511.pbf 200 127219 - 0.319 ms"}
{"level":"info","message":"GET /font/sans/512-767.pbf 200 95728 - 0.572 ms"}
{"level":"info","message":"GET /maps/map2-pbf.html 200 1086 - 0.866 ms"}
{"level":"info","message":"GET /mapbox-gl.css 404 152 - 0.465 ms"}
{"level":"info","message":"GET /mapbox-gl.js 200 745072 - 0.973 ms"}
{"level":"info","message":"GET /mapbox-gl.css 404 152 - 0.213 ms"}
{"level":"info","message":"GET /mapbox-gl.js.map 200 3071920 - 0.235 ms"}
{"level":"info","message":"GET /maps/style2-pbf.json 200 1318 - 0.566 ms"}
{"level":"info","message":"GET /pbf_tile/VTpractice/2/2/2.pbf 200 2407 - 1.208 ms"}
{"level":"info","message":"GET /pbf_tile/VTpractice/2/0/2.pbf 200 383 - 2.088 ms"}
{"level":"info","message":"GET /pbf_tile/VTpractice/2/1/1.pbf 200 6524 - 2.277 ms"}
{"level":"info","message":"GET /pbf_tile/VTpractice/2/1/2.pbf 200 2861 - 3.080 ms"}
{"level":"info","message":"GET /pbf_tile/VTpractice/2/3/2.pbf 200 4510 - 2.512 ms"}
{"level":"info","message":"GET /pbf_tile/VTpractice/2/0/1.pbf 200 4170 - 2.478 ms"}
{"level":"info","message":"GET /pbf_tile/VTpractice/2/3/1.pbf 200 6474 - 0.496 ms"}
{"level":"info","message":"GET /pbf_tile/VTpractice/2/2/1.pbf 200 7418 - 0.529 ms"}
{"level":"info","message":"GET /maps/map2-pbf.html 200 1086 - 0.778 ms"}
{"level":"info","message":"GET /mapbox-gl.css 404 152 - 0.649 ms"}
{"level":"info","message":"GET /mapbox-gl.js 200 745072 - 1.050 ms"}
{"level":"info","message":"GET /mapbox-gl.css 404 152 - 0.221 ms"}
{"level":"info","message":"GET /mapbox-gl.js.map 200 3071920 - 0.190 ms"}
{"level":"info","message":"GET /maps/style2-pbf.json 200 1318 - 0.504 ms"}
{"level":"info","message":"GET /pbf_tile/VTpractice/2/2/1.pbf 200 7418 - 0.824 ms"}
{"level":"info","message":"GET /pbf_tile/VTpractice/2/3/1.pbf 200 6474 - 1.125 ms"}
{"level":"info","message":"GET /pbf_tile/VTpractice/2/1/1.pbf 200 6524 - 1.713 ms"}
{"level":"info","message":"GET /pbf_tile/VTpractice/2/2/2.pbf 200 2407 - 0.912 ms"}
{"level":"info","message":"GET /pbf_tile/VTpractice/2/1/2.pbf 200 2861 - 0.848 ms"}
{"level":"info","message":"GET /pbf_tile/VTpractice/2/3/2.pbf 200 4510 - 1.981 ms"}
{"level":"info","message":"GET /pbf_tile/VTpractice/2/0/1.pbf 200 4170 - 2.289 ms"}
{"level":"info","message":"GET /pbf_tile/VTpractice/2/0/2.pbf 200 383 - 0.411 ms"}
{"level":"info","message":"GET /maps/map2-mbtiles.html 200 1090 - 0.527 ms"}
{"level":"info","message":"GET /mapbox-gl.css 404 152 - 0.576 ms"}
{"level":"info","message":"GET /mapbox-gl.js 200 745072 - 0.609 ms"}
{"level":"info","message":"GET /mapbox-gl.css 404 152 - 0.350 ms"}
{"level":"info","message":"GET /mapbox-gl.js.map 200 3071920 - 0.346 ms"}
{"level":"info","message":"GET /maps/style2-mbtiles.json 200 1316 - 0.535 ms"}
{"level":"info","message":"GET /VT/zxy/VTpractice/2/0/1.pbf 200 4170 - 0.717 ms"}
{"level":"info","message":"GET /VT/zxy/VTpractice/2/1/1.pbf 200 6524 - 0.774 ms"}
{"level":"info","message":"GET /VT/zxy/VTpractice/2/2/2.pbf 200 2407 - 0.744 ms"}
{"level":"info","message":"GET /VT/zxy/VTpractice/2/3/2.pbf 200 4510 - 0.760 ms"}
{"level":"info","message":"GET /VT/zxy/VTpractice/2/0/2.pbf 200 383 - 0.403 ms"}
{"level":"info","message":"GET /VT/zxy/VTpractice/2/1/2.pbf 200 2861 - 0.474 ms"}
{"level":"info","message":"GET /VT/zxy/VTpractice/2/2/1.pbf 200 7418 - 0.434 ms"}
{"level":"info","message":"GET /VT/zxy/VTpractice/2/3/1.pbf 200 6474 - 0.818 ms"}
